-------------------------------------------------------------------------------
Test set: helton.spring.jwt.api.controllers.AdministratorControllerTest
-------------------------------------------------------------------------------
Tests run: 1, Failures: 0, Errors: 1, Skipped: 0, Time elapsed: 28.811 s <<< FAILURE! - in helton.spring.jwt.api.controllers.AdministratorControllerTest
testCreateAdministratorSuccess  Time elapsed: 0.022 s  <<< ERROR!
java.lang.IllegalStateException: Failed to load ApplicationContext
Caused by: org.springframework.beans.factory.UnsatisfiedDependencyException: Error creating bean with name 'administratorController': Unsatisfied dependency expressed through field 'rep'; nested exception is org.springframework.beans.factory.NoSuchBeanDefinitionException: No qualifying bean of type 'helton.spring.jwt.api.repositories.AdministratorJpaRepository' available: expected at least 1 bean which qualifies as autowire candidate. Dependency annotations: {@org.springframework.beans.factory.annotation.Autowired(required=true)}
Caused by: org.springframework.beans.factory.NoSuchBeanDefinitionException: No qualifying bean of type 'helton.spring.jwt.api.repositories.AdministratorJpaRepository' available: expected at least 1 bean which qualifies as autowire candidate. Dependency annotations: {@org.springframework.beans.factory.annotation.Autowired(required=true)}

